#
# There is insufficient memory for the Java Runtime Environment to continue.
# Native memory allocation (malloc) failed to allocate 1048576 bytes for AllocateHeap
# Possible reasons:
#   The system is out of physical RAM or swap space
#   In 32 bit mode, the process size limit was hit
# Possible solutions:
#   Reduce memory load on the system
#   Increase physical memory or swap space
#   Check if swap backing store is full
#   Use 64 bit Java on a 64 bit OS
#   Decrease Java heap size (-Xmx/-Xms)
#   Decrease number of Java threads
#   Decrease Java thread stack sizes (-Xss)
#   Set larger code cache with -XX:ReservedCodeCacheSize=
# This output file may be truncated or incomplete.
#
#  Out of Memory Error (memory/allocation.inline.hpp:61), pid=9612, tid=0x0000000000002d6c
#
# JRE version:  (8.0_152-b16) (build )
# Java VM: Java HotSpot(TM) 64-Bit Server VM (25.152-b16 mixed mode windows-amd64 compressed oops)
# Failed to write core dump. Minidumps are not enabled by default on client versions of Windows
#

---------------  T H R E A D  ---------------

Current thread (0x0000000002a5e000):  JavaThread "Unknown thread" [_thread_in_vm, id=11628, stack(0x0000000001020000,0x0000000001120000)]

Stack: [0x0000000001020000,0x0000000001120000]
[error occurred during error reporting (printing stack bounds), id 0xc0000005]

Native frames: (J=compiled Java code, j=interpreted, Vv=VM code, C=native code)


---------------  P R O C E S S  ---------------

Java Threads: ( => current thread )

Other Threads:

=>0x0000000002a5e000 (exited) JavaThread "Unknown thread" [_thread_in_vm, id=11628, stack(0x0000000001020000,0x0000000001120000)]

VM state:not at safepoint (normal execution)

VM Mutex/Monitor currently owned by a thread: None

Heap:
 PSYoungGen      total 37888K, used 655K [0x00000000d6200000, 0x00000000d8c00000, 0x0000000100000000)
  eden space 32768K, 2% used [0x00000000d6200000,0x00000000d62a3d80,0x00000000d8200000)
  from space 5120K, 0% used [0x00000000d8700000,0x00000000d8700000,0x00000000d8c00000)
  to   space 5120K, 0% used [0x00000000d8200000,0x00000000d8200000,0x00000000d8700000)
 ParOldGen       total 86016K, used 0K [0x0000000082600000, 0x0000000087a00000, 0x00000000d6200000)
  object space 86016K, 0% used [0x0000000082600000,0x0000000082600000,0x0000000087a00000)
 Metaspace       used 746K, capacity 4480K, committed 4480K, reserved 1056768K
  class space    used 75K, capacity 384K, committed 384K, reserved 1048576K

Card table byte_map: [0x0000000011e20000,0x0000000012210000] byte_map_base: 0x0000000011a0d000

Marking Bits: (ParMarkBitMap*) 0x0000000058260860
 Begin Bits: [0x00000000128b0000, 0x0000000014818000)
 End Bits:   [0x0000000014818000, 0x0000000016780000)

Polling page: 0x0000000000c10000

CodeCache: size=245760Kb used=328Kb max_used=328Kb free=245431Kb
 bounds [0x0000000002a60000, 0x0000000002cd0000, 0x0000000011a60000]
 total_blobs=58 nmethods=0 adapters=38
 compilation: enabled

Compilation events (0 events):
No events

GC Heap History (0 events):
No events

Deoptimization events (0 events):
No events

Classes redefined (0 events):
No events

Internal exceptions (0 events):
No events

Events (10 events):
Event: 0.068 loading class java/lang/Short
Event: 0.068 loading class java/lang/Short done
Event: 0.068 loading class java/lang/Integer
Event: 0.068 loading class java/lang/Integer done
Event: 0.068 loading class java/lang/Long
Event: 0.069 loading class java/lang/Long done
Event: 0.071 loading class java/lang/NullPointerException
Event: 0.071 loading class java/lang/NullPointerException done
Event: 0.071 loading class java/lang/ArithmeticException
Event: 0.071 loading class java/lang/ArithmeticException done


Dynamic libraries:
0x00007ff793ad0000 - 0x00007ff793b07000 	C:\ProgramData\Oracle\Java\javapath\java.exe
0x00007ffa770a0000 - 0x00007ffa77281000 	C:\WINDOWS\SYSTEM32\ntdll.dll
0x00007ffa76f10000 - 0x00007ffa76fc2000 	C:\WINDOWS\System32\KERNEL32.DLL
0x00007ffa735c0000 - 0x00007ffa73833000 	C:\WINDOWS\System32\KERNELBASE.dll
0x00007ffa76750000 - 0x00007ffa767f1000 	C:\WINDOWS\System32\ADVAPI32.dll
0x00007ffa74b30000 - 0x00007ffa74bce000 	C:\WINDOWS\System32\msvcrt.dll
0x00007ffa74530000 - 0x00007ffa7458b000 	C:\WINDOWS\System32\sechost.dll
0x00007ffa76de0000 - 0x00007ffa76f04000 	C:\WINDOWS\System32\RPCRT4.dll
0x00007ffa748f0000 - 0x00007ffa74a80000 	C:\WINDOWS\System32\USER32.dll
0x00007ffa74510000 - 0x00007ffa74530000 	C:\WINDOWS\System32\win32u.dll
0x00007ffa76fd0000 - 0x00007ffa76ff8000 	C:\WINDOWS\System32\GDI32.dll
0x00007ffa74130000 - 0x00007ffa742c2000 	C:\WINDOWS\System32\gdi32full.dll
0x00007ffa73520000 - 0x00007ffa735bf000 	C:\WINDOWS\System32\msvcp_win.dll
0x00007ffa738a0000 - 0x00007ffa7399a000 	C:\WINDOWS\System32\ucrtbase.dll
0x00007ffa5e840000 - 0x00007ffa5eaa9000 	C:\WINDOWS\WinSxS\amd64_microsoft.windows.common-controls_6595b64144ccf1df_6.0.17134.523_none_fb409dd930672a56\COMCTL32.dll
0x00007ffa745b0000 - 0x00007ffa748d2000 	C:\WINDOWS\System32\combase.dll
0x00007ffa740b0000 - 0x00007ffa7412a000 	C:\WINDOWS\System32\bcryptPrimitives.dll
0x00007ffa76500000 - 0x00007ffa7652d000 	C:\WINDOWS\System32\IMM32.DLL
0x0000000059080000 - 0x0000000059152000 	C:\Program Files\Java\jre1.8.0_152\bin\msvcr100.dll
0x0000000057a40000 - 0x00000000582e0000 	C:\Program Files\Java\jre1.8.0_152\bin\server\jvm.dll
0x00007ffa77060000 - 0x00007ffa77068000 	C:\WINDOWS\System32\PSAPI.DLL
0x00007ffa6fc60000 - 0x00007ffa6fc83000 	C:\WINDOWS\SYSTEM32\WINMM.dll
0x00007ffa4e730000 - 0x00007ffa4e739000 	C:\WINDOWS\SYSTEM32\WSOCK32.dll
0x00007ffa76530000 - 0x00007ffa7659c000 	C:\WINDOWS\System32\WS2_32.dll
0x00007ffa69e90000 - 0x00007ffa69e9a000 	C:\WINDOWS\SYSTEM32\VERSION.dll
0x00007ffa6fc30000 - 0x00007ffa6fc5a000 	C:\WINDOWS\SYSTEM32\WINMMBASE.dll
0x00007ffa744c0000 - 0x00007ffa74509000 	C:\WINDOWS\System32\cfgmgr32.dll
0x0000000059070000 - 0x000000005907f000 	C:\Program Files\Java\jre1.8.0_152\bin\verify.dll
0x0000000059040000 - 0x0000000059069000 	C:\Program Files\Java\jre1.8.0_152\bin\java.dll
0x0000000059020000 - 0x0000000059036000 	C:\Program Files\Java\jre1.8.0_152\bin\zip.dll

VM Arguments:
java_command: chess2
java_class_path (initial): .
Launcher Type: SUN_STANDARD

Environment Variables:
PATH=C:\ProgramData\Oracle\Java\javapath;C:\Program Files (x86)\Intel\iCLS Client\;C:\Program Files\Intel\iCLS Client\;C:\WINDOWS\system32;C:\WINDOWS;C:\WINDOWS\System32\Wbem;C:\WINDOWS\System32\WindowsPowerShell\v1.0\;C:\Program Files (x86)\Intel\Intel(R) Management Engine Components\DAL;C:\Program Files\Intel\Intel(R) Management Engine Components\DAL;C:\Program Files (x86)\Intel\Intel(R) Management Engine Components\IPT;C:\Program Files\Intel\Intel(R) Management Engine Components\IPT;C:\Program Files (x86)\Windows Kits\8.1\Windows Performance Toolkit\;C:\OpenCV-3.2.0\opencv\build\x64\vc14\bin;C:\Program Files (x86)\Skype\Phone\;C:\WINDOWS\System32\OpenSSH\;C:\TDM-GCC-64\bin;C:\tdm64-gcc-5.1.0-2.exe;C:\Program Files\Java\jdk1.8.0_102\bin;C:\Users\zacca\AppData\Roaming\Dashlane\6.1907.0.17833\bin\Firefox_Extension\{442718d9-475e-452a-b3e1-fb1ee16b8e9f}\components;C:\Users\zacca\AppData\Roaming\Dashlane\6.1907.0.17833\ucrt;C:\Users\zacca\AppData\Roaming\Dashlane\6.1907.0.17833\bin\Qt;C:\Users\zacca\AppData\Roaming\Dashlane\6.1907.0.17833\bin\Ssl
USERNAME=zacca
OS=Windows_NT
PROCESSOR_IDENTIFIER=Intel64 Family 6 Model 78 Stepping 3, GenuineIntel



---------------  S Y S T E M  ---------------

OS: Windows 10.0 , 64 bit Build 17134 (10.0.17134.1)

CPU:total 4 (initial active 4) (2 cores per cpu, 2 threads per core) family 6 model 78 stepping 3, cmov, cx8, fxsr, mmx, sse, sse2, sse3, ssse3, sse4.1, sse4.2, popcnt, avx, avx2, aes, clmul, erms, 3dnowpref, lzcnt, ht, tsc, tscinvbit, bmi1, bmi2, adx

Memory: 4k page, physical 8232348k(457544k free), swap 8232348k(5468k free)

vm_info: Java HotSpot(TM) 64-Bit Server VM (25.152-b16) for windows-amd64 JRE (1.8.0_152-b16), built on Sep 14 2017 02:29:36 by "java_re" with MS VC++ 10.0 (VS2010)

time: Tue Feb 26 21:47:04 2019
elapsed time: 0 seconds (0d 0h 0m 0s)

