#
# There is insufficient memory for the Java Runtime Environment to continue.
# Native memory allocation (malloc) failed to allocate 530656 bytes for Chunk::new
# Possible reasons:
#   The system is out of physical RAM or swap space
#   In 32 bit mode, the process size limit was hit
# Possible solutions:
#   Reduce memory load on the system
#   Increase physical memory or swap space
#   Check if swap backing store is full
#   Use 64 bit Java on a 64 bit OS
#   Decrease Java heap size (-Xmx/-Xms)
#   Decrease number of Java threads
#   Decrease Java thread stack sizes (-Xss)
#   Set larger code cache with -XX:ReservedCodeCacheSize=
# This output file may be truncated or incomplete.
#
#  Out of Memory Error (allocation.cpp:390), pid=4484, tid=0x0000000000001b38
#
# JRE version: Java(TM) SE Runtime Environment (8.0_152-b16) (build 1.8.0_152-b16)
# Java VM: Java HotSpot(TM) 64-Bit Server VM (25.152-b16 mixed mode windows-amd64 compressed oops)
# Failed to write core dump. Minidumps are not enabled by default on client versions of Windows
#

---------------  T H R E A D  ---------------

Current thread (0x0000000017bed000):  JavaThread "C2 CompilerThread0" daemon [_thread_in_native, id=6968, stack(0x0000000019280000,0x0000000019380000)]

Stack: [0x0000000019280000,0x0000000019380000]
[error occurred during error reporting (printing stack bounds), id 0xc0000005]

Native frames: (J=compiled Java code, j=interpreted, Vv=VM code, C=native code)


Current CompileTask:
C2:   3104  672   !   4       sun.font.TrueTypeFont::getTableBuffer (199 bytes)


---------------  P R O C E S S  ---------------

Java Threads: ( => current thread )
  0x000000001996c800 JavaThread "AWT-EventQueue-0" [_thread_in_native, id=4780, stack(0x000000001a7e0000,0x000000001a8e0000)]
  0x0000000019903000 JavaThread "AWT-Windows" daemon [_thread_in_native, id=11380, stack(0x0000000019ef0000,0x0000000019ff0000)]
  0x0000000019912000 JavaThread "AWT-Shutdown" [_thread_blocked, id=11152, stack(0x0000000019df0000,0x0000000019ef0000)]
  0x0000000019911800 JavaThread "Java2D Disposer" daemon [_thread_blocked, id=2692, stack(0x0000000019cf0000,0x0000000019df0000)]
  0x0000000017c4e000 JavaThread "Service Thread" daemon [_thread_blocked, id=5616, stack(0x0000000019980000,0x0000000019a80000)]
  0x0000000017bfd800 JavaThread "C1 CompilerThread2" daemon [_thread_blocked, id=4000, stack(0x0000000019480000,0x0000000019580000)]
  0x0000000017bf7000 JavaThread "C2 CompilerThread1" daemon [_thread_in_native, id=10904, stack(0x0000000019380000,0x0000000019480000)]
=>0x0000000017bed000 JavaThread "C2 CompilerThread0" daemon [_thread_in_native, id=6968, stack(0x0000000019280000,0x0000000019380000)]
  0x0000000017beb000 JavaThread "Attach Listener" daemon [_thread_blocked, id=11444, stack(0x0000000019180000,0x0000000019280000)]
  0x0000000017bea000 JavaThread "Signal Dispatcher" daemon [_thread_blocked, id=4128, stack(0x0000000019080000,0x0000000019180000)]
  0x0000000017bda800 JavaThread "Finalizer" daemon [_thread_blocked, id=2380, stack(0x0000000018e60000,0x0000000018f60000)]
  0x0000000003130000 JavaThread "Reference Handler" daemon [_thread_blocked, id=9592, stack(0x0000000018d60000,0x0000000018e60000)]
  0x000000000303e000 JavaThread "main" [_thread_in_native, id=9120, stack(0x0000000002ed0000,0x0000000002fd0000)]

Other Threads:
  0x0000000017bb7800 VMThread [stack: 0x0000000018c60000,0x0000000018d60000] [id=3988]
  0x00000000195c3000 WatcherThread [stack: 0x0000000019bf0000,0x0000000019cf0000] [id=4600]

VM state:not at safepoint (normal execution)

VM Mutex/Monitor currently owned by a thread: None

Heap:
 PSYoungGen      total 37888K, used 25743K [0x00000000d6200000, 0x00000000d8c00000, 0x0000000100000000)
  eden space 32768K, 78% used [0x00000000d6200000,0x00000000d7b23dc0,0x00000000d8200000)
  from space 5120K, 0% used [0x00000000d8700000,0x00000000d8700000,0x00000000d8c00000)
  to   space 5120K, 0% used [0x00000000d8200000,0x00000000d8200000,0x00000000d8700000)
 ParOldGen       total 86016K, used 0K [0x0000000082600000, 0x0000000087a00000, 0x00000000d6200000)
  object space 86016K, 0% used [0x0000000082600000,0x0000000082600000,0x0000000087a00000)
 Metaspace       used 8573K, capacity 8760K, committed 8832K, reserved 1056768K
  class space    used 1019K, capacity 1092K, committed 1152K, reserved 1048576K

Card table byte_map: [0x0000000012500000,0x00000000128f0000] byte_map_base: 0x00000000120ed000

Marking Bits: (ParMarkBitMap*) 0x0000000059110860
 Begin Bits: [0x0000000012f90000, 0x0000000014ef8000)
 End Bits:   [0x0000000014ef8000, 0x0000000016e60000)

Polling page: 0x0000000001220000

CodeCache: size=245760Kb used=2766Kb max_used=2766Kb free=242993Kb
 bounds [0x0000000003140000, 0x0000000003400000, 0x0000000012140000]
 total_blobs=1128 nmethods=690 adapters=351
 compilation: enabled

Compilation events (10 events):
Event: 2.919 Thread 0x0000000017bf7000 nmethod 674 0x00000000033f3a50 code [0x00000000033f3be0, 0x00000000033f4af8]
Event: 2.919 Thread 0x0000000017bf7000  675   !   4       sun.nio.cs.UnicodeDecoder::decodeLoop (326 bytes)
Event: 2.937 Thread 0x0000000017bf7000 nmethod 675 0x00000000033f5310 code [0x00000000033f5480, 0x00000000033f5938]
Event: 2.937 Thread 0x0000000017bf7000  684       4       java.lang.CharacterData::of (120 bytes)
Event: 2.939 Thread 0x0000000017bf7000 nmethod 684 0x00000000033ead50 code [0x00000000033eaf60, 0x00000000033eb018]
Event: 2.939 Thread 0x0000000017bf7000  676       4       java.util.HashMap$HashIterator::nextNode (100 bytes)
Event: 2.947 Thread 0x0000000017bf7000 nmethod 676 0x00000000033eb210 code [0x00000000033eb360, 0x00000000033eb558]
Event: 2.960 Thread 0x0000000017bf7000  685       4       java.util.HashMap::resize (359 bytes)
Event: 2.986 Thread 0x0000000017bf7000 nmethod 685 0x00000000033f1e90 code [0x00000000033f2020, 0x00000000033f2598]
Event: 2.986 Thread 0x0000000017bf7000  686       4       sun.font.TrueTypeFont::initAllNames (177 bytes)

GC Heap History (0 events):
No events

Deoptimization events (3 events):
Event: 0.246 Thread 0x000000000303e000 Uncommon trap: reason=unstable_if action=reinterpret pc=0x00000000032585a0 method=java.lang.String.equals(Ljava/lang/Object;)Z @ 53
Event: 2.802 Thread 0x000000001996c800 Uncommon trap: reason=unstable_if action=reinterpret pc=0x00000000032fa2b8 method=java.lang.CharacterData.of(I)Ljava/lang/CharacterData; @ 4
Event: 2.816 Thread 0x000000001996c800 Uncommon trap: reason=unstable_if action=reinterpret pc=0x00000000033c2750 method=java.lang.Character.isSurrogate(C)Z @ 3

Classes redefined (0 events):
No events

Internal exceptions (10 events):
Event: 1.532 Thread 0x000000001996c800 Exception <a 'java/lang/NullPointerException'> (0x00000000d6eb7ec8) thrown at [C:\re\workspace\8-2-build-windows-amd64-cygwin\jdk8u152\9742\hotspot\src\share\vm\runtime\sharedRuntime.cpp, line 605]
Event: 1.533 Thread 0x000000001996c800 Exception <a 'java/io/FileNotFoundException'> (0x00000000d6eba908) thrown at [C:\re\workspace\8-2-build-windows-amd64-cygwin\jdk8u152\9742\hotspot\src\share\vm\prims\jni.cpp, line 709]
Event: 1.533 Thread 0x000000001996c800 Implicit null exception at 0x0000000003342d66 to 0x000000000334419c
Event: 1.533 Thread 0x000000001996c800 Exception <a 'java/lang/NullPointerException'> (0x00000000d6ebb0b8) thrown at [C:\re\workspace\8-2-build-windows-amd64-cygwin\jdk8u152\9742\hotspot\src\share\vm\runtime\sharedRuntime.cpp, line 605]
Event: 1.533 Thread 0x000000001996c800 Exception <a 'java/io/FileNotFoundException'> (0x00000000d6ebbc80) thrown at [C:\re\workspace\8-2-build-windows-amd64-cygwin\jdk8u152\9742\hotspot\src\share\vm\prims\jni.cpp, line 709]
Event: 1.533 Thread 0x000000001996c800 Implicit null exception at 0x0000000003342d66 to 0x000000000334419c
Event: 1.533 Thread 0x000000001996c800 Exception <a 'java/lang/NullPointerException'> (0x00000000d6ebc458) thrown at [C:\re\workspace\8-2-build-windows-amd64-cygwin\jdk8u152\9742\hotspot\src\share\vm\runtime\sharedRuntime.cpp, line 605]
Event: 1.534 Thread 0x000000001996c800 Exception <a 'java/io/FileNotFoundException'> (0x00000000d6ec1458) thrown at [C:\re\workspace\8-2-build-windows-amd64-cygwin\jdk8u152\9742\hotspot\src\share\vm\prims\jni.cpp, line 709]
Event: 1.534 Thread 0x000000001996c800 Implicit null exception at 0x0000000003342d66 to 0x000000000334419c
Event: 1.534 Thread 0x000000001996c800 Exception <a 'java/lang/NullPointerException'> (0x00000000d6ec1c40) thrown at [C:\re\workspace\8-2-build-windows-amd64-cygwin\jdk8u152\9742\hotspot\src\share\vm\runtime\sharedRuntime.cpp, line 605]

Events (10 events):
Event: 2.802 Thread 0x000000001996c800 DEOPT PACKING pc=0x00000000032fa2b8 sp=0x000000001a8dbfd0
Event: 2.802 Thread 0x000000001996c800 DEOPT UNPACKING pc=0x000000000318582a sp=0x000000001a8dbe40 mode 2
Event: 2.802 loading class java/lang/CharacterData00
Event: 2.803 loading class java/lang/CharacterData00 done
Event: 2.803 Executing VM operation: Deoptimize
Event: 2.803 Executing VM operation: Deoptimize done
Event: 2.816 Thread 0x000000001996c800 Uncommon trap: trap_request=0xffffff65 fr.pc=0x00000000033c2750
Event: 2.816 Thread 0x000000001996c800 DEOPT PACKING pc=0x00000000033c2750 sp=0x000000001a8dbae0
Event: 2.816 Thread 0x000000001996c800 DEOPT UNPACKING pc=0x000000000318582a sp=0x000000001a8dba08 mode 2
Event: 3.063 loading class sun/font/FontStrikeDesc


Dynamic libraries:
0x00007ff793ad0000 - 0x00007ff793b07000 	C:\ProgramData\Oracle\Java\javapath\java.exe
0x00007ffa770a0000 - 0x00007ffa77281000 	C:\WINDOWS\SYSTEM32\ntdll.dll
0x00007ffa76f10000 - 0x00007ffa76fc2000 	C:\WINDOWS\System32\KERNEL32.DLL
0x00007ffa735c0000 - 0x00007ffa73833000 	C:\WINDOWS\System32\KERNELBASE.dll
0x00007ffa76750000 - 0x00007ffa767f1000 	C:\WINDOWS\System32\ADVAPI32.dll
0x00007ffa74b30000 - 0x00007ffa74bce000 	C:\WINDOWS\System32\msvcrt.dll
0x00007ffa74530000 - 0x00007ffa7458b000 	C:\WINDOWS\System32\sechost.dll
0x00007ffa76de0000 - 0x00007ffa76f04000 	C:\WINDOWS\System32\RPCRT4.dll
0x00007ffa748f0000 - 0x00007ffa74a80000 	C:\WINDOWS\System32\USER32.dll
0x00007ffa74510000 - 0x00007ffa74530000 	C:\WINDOWS\System32\win32u.dll
0x00007ffa76fd0000 - 0x00007ffa76ff8000 	C:\WINDOWS\System32\GDI32.dll
0x00007ffa74130000 - 0x00007ffa742c2000 	C:\WINDOWS\System32\gdi32full.dll
0x00007ffa73520000 - 0x00007ffa735bf000 	C:\WINDOWS\System32\msvcp_win.dll
0x00007ffa738a0000 - 0x00007ffa7399a000 	C:\WINDOWS\System32\ucrtbase.dll
0x00007ffa5e840000 - 0x00007ffa5eaa9000 	C:\WINDOWS\WinSxS\amd64_microsoft.windows.common-controls_6595b64144ccf1df_6.0.17134.523_none_fb409dd930672a56\COMCTL32.dll
0x00007ffa745b0000 - 0x00007ffa748d2000 	C:\WINDOWS\System32\combase.dll
0x00007ffa740b0000 - 0x00007ffa7412a000 	C:\WINDOWS\System32\bcryptPrimitives.dll
0x00007ffa76500000 - 0x00007ffa7652d000 	C:\WINDOWS\System32\IMM32.DLL
0x0000000059190000 - 0x0000000059262000 	C:\Program Files\Java\jre1.8.0_152\bin\msvcr100.dll
0x00000000588f0000 - 0x0000000059190000 	C:\Program Files\Java\jre1.8.0_152\bin\server\jvm.dll
0x00007ffa77060000 - 0x00007ffa77068000 	C:\WINDOWS\System32\PSAPI.DLL
0x00007ffa4e730000 - 0x00007ffa4e739000 	C:\WINDOWS\SYSTEM32\WSOCK32.dll
0x00007ffa76530000 - 0x00007ffa7659c000 	C:\WINDOWS\System32\WS2_32.dll
0x00007ffa6fc60000 - 0x00007ffa6fc83000 	C:\WINDOWS\SYSTEM32\WINMM.dll
0x00007ffa69e90000 - 0x00007ffa69e9a000 	C:\WINDOWS\SYSTEM32\VERSION.dll
0x00007ffa6fc30000 - 0x00007ffa6fc5a000 	C:\WINDOWS\SYSTEM32\WINMMBASE.dll
0x00007ffa744c0000 - 0x00007ffa74509000 	C:\WINDOWS\System32\cfgmgr32.dll
0x00000000588e0000 - 0x00000000588ef000 	C:\Program Files\Java\jre1.8.0_152\bin\verify.dll
0x00000000588b0000 - 0x00000000588d9000 	C:\Program Files\Java\jre1.8.0_152\bin\java.dll
0x0000000058890000 - 0x00000000588a6000 	C:\Program Files\Java\jre1.8.0_152\bin\zip.dll
0x00007ffa750c0000 - 0x00007ffa76500000 	C:\WINDOWS\System32\SHELL32.dll
0x00007ffa74a80000 - 0x00007ffa74b29000 	C:\WINDOWS\System32\shcore.dll
0x00007ffa739a0000 - 0x00007ffa740ad000 	C:\WINDOWS\System32\windows.storage.dll
0x00007ffa77000000 - 0x00007ffa77051000 	C:\WINDOWS\System32\shlwapi.dll
0x00007ffa733d0000 - 0x00007ffa733e1000 	C:\WINDOWS\System32\kernel.appcore.dll
0x00007ffa733b0000 - 0x00007ffa733cf000 	C:\WINDOWS\System32\profapi.dll
0x00007ffa73400000 - 0x00007ffa7344c000 	C:\WINDOWS\System32\powrprof.dll
0x00007ffa733f0000 - 0x00007ffa733fa000 	C:\WINDOWS\System32\FLTLIB.DLL
0x0000000058140000 - 0x00000000582d8000 	C:\Program Files\Java\jre1.8.0_152\bin\awt.dll
0x00007ffa765a0000 - 0x00007ffa76662000 	C:\WINDOWS\System32\OLEAUT32.dll
0x00007ffa71510000 - 0x00007ffa7159b000 	C:\WINDOWS\SYSTEM32\apphelp.dll
0x00007ffa71850000 - 0x00007ffa71879000 	C:\WINDOWS\system32\DWMAPI.DLL
0x00007ffa71600000 - 0x00007ffa71698000 	C:\WINDOWS\system32\uxtheme.dll
0x00007ffa5cc50000 - 0x00007ffa5cd70000 	C:\WINDOWS\system32\opengl32.dll
0x00007ffa5f5c0000 - 0x00007ffa5f5ec000 	C:\WINDOWS\SYSTEM32\GLU32.dll
0x00007ffa76800000 - 0x00007ffa76973000 	C:\WINDOWS\System32\MSCTF.dll
0x00007ffa769e0000 - 0x00007ffa76b31000 	C:\WINDOWS\System32\ole32.dll
0x0000000058840000 - 0x0000000058887000 	C:\Program Files\Java\jre1.8.0_152\bin\fontmanager.dll
0x00007ffa60150000 - 0x00007ffa601e6000 	C:\WINDOWS\System32\TextInputFramework.dll
0x00007ffa6e000000 - 0x00007ffa6e31e000 	C:\WINDOWS\System32\CoreUIComponents.dll
0x00007ffa70f30000 - 0x00007ffa7100a000 	C:\WINDOWS\System32\CoreMessaging.dll
0x00007ffa724a0000 - 0x00007ffa724d1000 	C:\WINDOWS\SYSTEM32\ntmarta.dll
0x00007ffa6f290000 - 0x00007ffa6f3dd000 	C:\WINDOWS\SYSTEM32\wintypes.dll
0x0000000058820000 - 0x000000005883a000 	C:\Program Files\Java\jre1.8.0_152\bin\net.dll
0x00007ffa72bd0000 - 0x00007ffa72c36000 	C:\WINDOWS\system32\mswsock.dll
0x0000000058800000 - 0x0000000058811000 	C:\Program Files\Java\jre1.8.0_152\bin\nio.dll
0x00000000580f0000 - 0x0000000058132000 	C:\Program Files\Java\jre1.8.0_152\bin\t2k.dll

VM Arguments:
java_command: chess2
java_class_path (initial): .
Launcher Type: SUN_STANDARD

Environment Variables:
PATH=C:\ProgramData\Oracle\Java\javapath;C:\Program Files (x86)\Intel\iCLS Client\;C:\Program Files\Intel\iCLS Client\;C:\WINDOWS\system32;C:\WINDOWS;C:\WINDOWS\System32\Wbem;C:\WINDOWS\System32\WindowsPowerShell\v1.0\;C:\Program Files (x86)\Intel\Intel(R) Management Engine Components\DAL;C:\Program Files\Intel\Intel(R) Management Engine Components\DAL;C:\Program Files (x86)\Intel\Intel(R) Management Engine Components\IPT;C:\Program Files\Intel\Intel(R) Management Engine Components\IPT;C:\Program Files (x86)\Windows Kits\8.1\Windows Performance Toolkit\;C:\OpenCV-3.2.0\opencv\build\x64\vc14\bin;C:\Program Files (x86)\Skype\Phone\;C:\WINDOWS\System32\OpenSSH\;C:\TDM-GCC-64\bin;C:\tdm64-gcc-5.1.0-2.exe;C:\Program Files\Java\jdk1.8.0_102\bin;C:\Users\zacca\AppData\Roaming\Dashlane\6.1907.0.17833\bin\Firefox_Extension\{442718d9-475e-452a-b3e1-fb1ee16b8e9f}\components;C:\Users\zacca\AppData\Roaming\Dashlane\6.1907.0.17833\ucrt;C:\Users\zacca\AppData\Roaming\Dashlane\6.1907.0.17833\bin\Qt;C:\Users\zacca\AppData\Roaming\Dashlane\6.1907.0.17833\bin\Ssl
USERNAME=zacca
OS=Windows_NT
PROCESSOR_IDENTIFIER=Intel64 Family 6 Model 78 Stepping 3, GenuineIntel



---------------  S Y S T E M  ---------------

OS: Windows 10.0 , 64 bit Build 17134 (10.0.17134.1)

CPU:total 4 (initial active 4) (2 cores per cpu, 2 threads per core) family 6 model 78 stepping 3, cmov, cx8, fxsr, mmx, sse, sse2, sse3, ssse3, sse4.1, sse4.2, popcnt, avx, avx2, aes, clmul, erms, 3dnowpref, lzcnt, ht, tsc, tscinvbit, bmi1, bmi2, adx

Memory: 4k page, physical 8232348k(395632k free), swap 8232348k(3140k free)

vm_info: Java HotSpot(TM) 64-Bit Server VM (25.152-b16) for windows-amd64 JRE (1.8.0_152-b16), built on Sep 14 2017 02:29:36 by "java_re" with MS VC++ 10.0 (VS2010)

time: Tue Feb 26 21:36:22 2019
elapsed time: 3 seconds (0d 0h 0m 3s)

