#
# There is insufficient memory for the Java Runtime Environment to continue.
# Native memory allocation (malloc) failed to allocate 131088 bytes for Chunk::new
# Possible reasons:
#   The system is out of physical RAM or swap space
#   In 32 bit mode, the process size limit was hit
# Possible solutions:
#   Reduce memory load on the system
#   Increase physical memory or swap space
#   Check if swap backing store is full
#   Use 64 bit Java on a 64 bit OS
#   Decrease Java heap size (-Xmx/-Xms)
#   Decrease number of Java threads
#   Decrease Java thread stack sizes (-Xss)
#   Set larger code cache with -XX:ReservedCodeCacheSize=
# This output file may be truncated or incomplete.
#
#  Out of Memory Error (allocation.cpp:390), pid=4416, tid=0x00000000000009f8
#
# JRE version: Java(TM) SE Runtime Environment (8.0_102-b14) (build 1.8.0_102-b14)
# Java VM: Java HotSpot(TM) 64-Bit Server VM (25.102-b14 mixed mode windows-amd64 compressed oops)
# Failed to write core dump. Minidumps are not enabled by default on client versions of Windows
#

---------------  T H R E A D  ---------------

Current thread (0x00000000173ad000):  JavaThread "C2 CompilerThread0" daemon [_thread_in_native, id=2552, stack(0x0000000018a30000,0x0000000018b30000)]

Stack: [0x0000000018a30000,0x0000000018b30000]
[error occurred during error reporting (printing stack bounds), id 0xc0000005]

Native frames: (J=compiled Java code, j=interpreted, Vv=VM code, C=native code)


Current CompileTask:
C2:   2371  544 %     4       com.sun.tools.javac.file.ZipFileIndex$ZipDirectory::readEntry @ 102 (587 bytes)


---------------  P R O C E S S  ---------------

Java Threads: ( => current thread )
  0x0000000018d51000 JavaThread "Service Thread" daemon [_thread_blocked, id=3292, stack(0x0000000019130000,0x0000000019230000)]
  0x00000000173fe000 JavaThread "C1 CompilerThread2" daemon [_thread_blocked, id=7860, stack(0x0000000018c30000,0x0000000018d30000)]
  0x00000000173b0800 JavaThread "C2 CompilerThread1" daemon [_thread_blocked, id=7720, stack(0x0000000018b30000,0x0000000018c30000)]
=>0x00000000173ad000 JavaThread "C2 CompilerThread0" daemon [_thread_in_native, id=2552, stack(0x0000000018a30000,0x0000000018b30000)]
  0x00000000173ab800 JavaThread "Attach Listener" daemon [_thread_blocked, id=6956, stack(0x0000000018930000,0x0000000018a30000)]
  0x00000000173aa000 JavaThread "Signal Dispatcher" daemon [_thread_blocked, id=4980, stack(0x0000000018830000,0x0000000018930000)]
  0x0000000017399000 JavaThread "Finalizer" daemon [_thread_blocked, id=12160, stack(0x0000000018610000,0x0000000018710000)]
  0x00000000028f1000 JavaThread "Reference Handler" daemon [_thread_blocked, id=3796, stack(0x0000000018510000,0x0000000018610000)]
  0x0000000002803000 JavaThread "main" [_thread_in_vm, id=12068, stack(0x0000000002700000,0x0000000002800000)]

Other Threads:
  0x0000000017377800 VMThread [stack: 0x0000000018410000,0x0000000018510000] [id=8888]
  0x0000000018d67000 WatcherThread [stack: 0x0000000019230000,0x0000000019330000] [id=5440]

VM state:not at safepoint (normal execution)

VM Mutex/Monitor currently owned by a thread: None

Heap:
 PSYoungGen      total 11776K, used 6708K [0x00000000d6200000, 0x00000000d7400000, 0x0000000100000000)
  eden space 8704K, 41% used [0x00000000d6200000,0x00000000d6590fe0,0x00000000d6a80000)
  from space 3072K, 99% used [0x00000000d7100000,0x00000000d73fc250,0x00000000d7400000)
  to   space 4608K, 0% used [0x00000000d6b00000,0x00000000d6b00000,0x00000000d6f80000)
 ParOldGen       total 9728K, used 5316K [0x0000000082600000, 0x0000000082f80000, 0x00000000d6200000)
  object space 9728K, 54% used [0x0000000082600000,0x0000000082b312f0,0x0000000082f80000)
 Metaspace       used 7645K, capacity 8436K, committed 8704K, reserved 1056768K
  class space    used 906K, capacity 944K, committed 1024K, reserved 1048576K

Card table byte_map: [0x0000000011cc0000,0x00000000120b0000] byte_map_base: 0x00000000118ad000

Marking Bits: (ParMarkBitMap*) 0x000000006c8ca6c0
 Begin Bits: [0x0000000012750000, 0x00000000146b8000)
 End Bits:   [0x00000000146b8000, 0x0000000016620000)

Polling page: 0x00000000024e0000

CodeCache: size=245760Kb used=3039Kb max_used=3050Kb free=242720Kb
 bounds [0x0000000002900000, 0x0000000002c00000, 0x0000000011900000]
 total_blobs=930 nmethods=643 adapters=200
 compilation: enabled

Compilation events (10 events):
Event: 2.357 Thread 0x00000000173fe000 nmethod 638 0x0000000002bf6490 code [0x0000000002bf65e0, 0x0000000002bf6730]
Event: 2.357 Thread 0x00000000173fe000  639       3       com.sun.tools.javac.code.Scope::makeEntry (13 bytes)
Event: 2.358 Thread 0x00000000173fe000 nmethod 639 0x0000000002bf8ad0 code [0x0000000002bf8c40, 0x0000000002bf8ef0]
Event: 2.358 Thread 0x00000000173fe000  640       3       com.sun.tools.javac.jvm.ClassReader::enterClass (126 bytes)
Event: 2.360 Thread 0x00000000173fe000 nmethod 640 0x0000000002bf7e50 code [0x0000000002bf8040, 0x0000000002bf8828]
Event: 2.360 Thread 0x00000000173fe000  642       3       com.sun.tools.javac.jvm.ClassReader::includeClassFile (294 bytes)
Event: 2.360 Thread 0x00000000173b0800  643       4       java.lang.String::lastIndexOf (151 bytes)
Event: 2.363 Thread 0x00000000173fe000 nmethod 642 0x0000000002bf9050 code [0x0000000002bf9320, 0x0000000002bfaa08]
Event: 2.364 Thread 0x00000000173fe000  641       3       java.lang.CharacterDataLatin1::isJavaIdentifierStart (23 bytes)
Event: 2.364 Thread 0x00000000173fe000 nmethod 641 0x0000000002bf4290 code [0x0000000002bf4400, 0x0000000002bf4650]

GC Heap History (10 events):
Event: 0.848 GC heap before
{Heap before GC invocations=3 (full 0):
 PSYoungGen      total 3584K, used 3568K [0x00000000d6200000, 0x00000000d6600000, 0x0000000100000000)
  eden space 3072K, 100% used [0x00000000d6200000,0x00000000d6500000,0x00000000d6500000)
  from space 512K, 96% used [0x00000000d6580000,0x00000000d65fc010,0x00000000d6600000)
  to   space 512K, 0% used [0x00000000d6500000,0x00000000d6500000,0x00000000d6580000)
 ParOldGen       total 5632K, used 224K [0x0000000082600000, 0x0000000082b80000, 0x00000000d6200000)
  object space 5632K, 3% used [0x0000000082600000,0x0000000082638030,0x0000000082b80000)
 Metaspace       used 5020K, capacity 6348K, committed 6656K, reserved 1056768K
  class space    used 611K, capacity 648K, committed 768K, reserved 1048576K
Event: 0.853 GC heap after
Heap after GC invocations=3 (full 0):
 PSYoungGen      total 3584K, used 496K [0x00000000d6200000, 0x00000000d6900000, 0x0000000100000000)
  eden space 3072K, 0% used [0x00000000d6200000,0x00000000d6200000,0x00000000d6500000)
  from space 512K, 96% used [0x00000000d6500000,0x00000000d657c020,0x00000000d6580000)
  to   space 512K, 0% used [0x00000000d6880000,0x00000000d6880000,0x00000000d6900000)
 ParOldGen       total 5632K, used 516K [0x0000000082600000, 0x0000000082b80000, 0x00000000d6200000)
  object space 5632K, 9% used [0x0000000082600000,0x0000000082681070,0x0000000082b80000)
 Metaspace       used 5020K, capacity 6348K, committed 6656K, reserved 1056768K
  class space    used 611K, capacity 648K, committed 768K, reserved 1048576K
}
Event: 1.214 GC heap before
{Heap before GC invocations=4 (full 0):
 PSYoungGen      total 3584K, used 3568K [0x00000000d6200000, 0x00000000d6900000, 0x0000000100000000)
  eden space 3072K, 100% used [0x00000000d6200000,0x00000000d6500000,0x00000000d6500000)
  from space 512K, 96% used [0x00000000d6500000,0x00000000d657c020,0x00000000d6580000)
  to   space 512K, 0% used [0x00000000d6880000,0x00000000d6880000,0x00000000d6900000)
 ParOldGen       total 5632K, used 516K [0x0000000082600000, 0x0000000082b80000, 0x00000000d6200000)
  object space 5632K, 9% used [0x0000000082600000,0x0000000082681070,0x0000000082b80000)
 Metaspace       used 6138K, capacity 7372K, committed 7552K, reserved 1056768K
  class space    used 763K, capacity 776K, committed 896K, reserved 1048576K
Event: 1.218 GC heap after
Heap after GC invocations=4 (full 0):
 PSYoungGen      total 6656K, used 480K [0x00000000d6200000, 0x00000000d6900000, 0x0000000100000000)
  eden space 6144K, 0% used [0x00000000d6200000,0x00000000d6200000,0x00000000d6800000)
  from space 512K, 93% used [0x00000000d6880000,0x00000000d68f8010,0x00000000d6900000)
  to   space 512K, 0% used [0x00000000d6800000,0x00000000d6800000,0x00000000d6880000)
 ParOldGen       total 5632K, used 904K [0x0000000082600000, 0x0000000082b80000, 0x00000000d6200000)
  object space 5632K, 16% used [0x0000000082600000,0x00000000826e2170,0x0000000082b80000)
 Metaspace       used 6138K, capacity 7372K, committed 7552K, reserved 1056768K
  class space    used 763K, capacity 776K, committed 896K, reserved 1048576K
}
Event: 1.816 GC heap before
{Heap before GC invocations=5 (full 0):
 PSYoungGen      total 6656K, used 6624K [0x00000000d6200000, 0x00000000d6900000, 0x0000000100000000)
  eden space 6144K, 100% used [0x00000000d6200000,0x00000000d6800000,0x00000000d6800000)
  from space 512K, 93% used [0x00000000d6880000,0x00000000d68f8010,0x00000000d6900000)
  to   space 512K, 0% used [0x00000000d6800000,0x00000000d6800000,0x00000000d6880000)
 ParOldGen       total 5632K, used 904K [0x0000000082600000, 0x0000000082b80000, 0x00000000d6200000)
  object space 5632K, 16% used [0x0000000082600000,0x00000000826e2170,0x0000000082b80000)
 Metaspace       used 7404K, capacity 8276K, committed 8448K, reserved 1056768K
  class space    used 883K, capacity 912K, committed 1024K, reserved 1048576K
Event: 1.842 GC heap after
Heap after GC invocations=5 (full 0):
 PSYoungGen      total 6656K, used 490K [0x00000000d6200000, 0x00000000d7400000, 0x0000000100000000)
  eden space 6144K, 0% used [0x00000000d6200000,0x00000000d6200000,0x00000000d6800000)
  from space 512K, 95% used [0x00000000d6800000,0x00000000d687aa28,0x00000000d6880000)
  to   space 3072K, 0% used [0x00000000d7100000,0x00000000d7100000,0x00000000d7400000)
 ParOldGen       total 5632K, used 4050K [0x0000000082600000, 0x0000000082b80000, 0x00000000d6200000)
  object space 5632K, 71% used [0x0000000082600000,0x00000000829f48e8,0x0000000082b80000)
 Metaspace       used 7404K, capacity 8276K, committed 8448K, reserved 1056768K
  class space    used 883K, capacity 912K, committed 1024K, reserved 1048576K
}
Event: 1.842 GC heap before
{Heap before GC invocations=6 (full 1):
 PSYoungGen      total 6656K, used 490K [0x00000000d6200000, 0x00000000d7400000, 0x0000000100000000)
  eden space 6144K, 0% used [0x00000000d6200000,0x00000000d6200000,0x00000000d6800000)
  from space 512K, 95% used [0x00000000d6800000,0x00000000d687aa28,0x00000000d6880000)
  to   space 3072K, 0% used [0x00000000d7100000,0x00000000d7100000,0x00000000d7400000)
 ParOldGen       total 5632K, used 4050K [0x0000000082600000, 0x0000000082b80000, 0x00000000d6200000)
  object space 5632K, 71% used [0x0000000082600000,0x00000000829f48e8,0x0000000082b80000)
 Metaspace       used 7404K, capacity 8276K, committed 8448K, reserved 1056768K
  class space    used 883K, capacity 912K, committed 1024K, reserved 1048576K
Event: 1.930 GC heap after
Heap after GC invocations=6 (full 1):
 PSYoungGen      total 6656K, used 0K [0x00000000d6200000, 0x00000000d7400000, 0x0000000100000000)
  eden space 6144K, 0% used [0x00000000d6200000,0x00000000d6200000,0x00000000d6800000)
  from space 512K, 0% used [0x00000000d6800000,0x00000000d6800000,0x00000000d6880000)
  to   space 3072K, 0% used [0x00000000d7100000,0x00000000d7100000,0x00000000d7400000)
 ParOldGen       total 9728K, used 4430K [0x0000000082600000, 0x0000000082f80000, 0x00000000d6200000)
  object space 9728K, 45% used [0x0000000082600000,0x0000000082a53970,0x0000000082f80000)
 Metaspace       used 7404K, capacity 8276K, committed 8448K, reserved 1056768K
  class space    used 883K, capacity 912K, committed 1024K, reserved 1048576K
}
Event: 2.190 GC heap before
{Heap before GC invocations=7 (full 1):
 PSYoungGen      total 6656K, used 6144K [0x00000000d6200000, 0x00000000d7400000, 0x0000000100000000)
  eden space 6144K, 100% used [0x00000000d6200000,0x00000000d6800000,0x00000000d6800000)
  from space 512K, 0% used [0x00000000d6800000,0x00000000d6800000,0x00000000d6880000)
  to   space 3072K, 0% used [0x00000000d7100000,0x00000000d7100000,0x00000000d7400000)
 ParOldGen       total 9728K, used 4430K [0x0000000082600000, 0x0000000082f80000, 0x00000000d6200000)
  object space 9728K, 45% used [0x0000000082600000,0x0000000082a53970,0x0000000082f80000)
 Metaspace       used 7547K, capacity 8372K, committed 8704K, reserved 1056768K
  class space    used 901K, capacity 944K, committed 1024K, reserved 1048576K
Event: 2.206 GC heap after
Heap after GC invocations=7 (full 1):
 PSYoungGen      total 11776K, used 3056K [0x00000000d6200000, 0x00000000d7400000, 0x0000000100000000)
  eden space 8704K, 0% used [0x00000000d6200000,0x00000000d6200000,0x00000000d6a80000)
  from space 3072K, 99% used [0x00000000d7100000,0x00000000d73fc250,0x00000000d7400000)
  to   space 4608K, 0% used [0x00000000d6b00000,0x00000000d6b00000,0x00000000d6f80000)
 ParOldGen       total 9728K, used 5316K [0x0000000082600000, 0x0000000082f80000, 0x00000000d6200000)
  object space 9728K, 54% used [0x0000000082600000,0x0000000082b312f0,0x0000000082f80000)
 Metaspace       used 7547K, capacity 8372K, committed 8704K, reserved 1056768K
  class space    used 901K, capacity 944K, committed 1024K, reserved 1048576K
}

Deoptimization events (5 events):
Event: 1.146 Thread 0x0000000002803000 Uncommon trap: reason=null_check action=make_not_entrant pc=0x0000000002a8b6e4 method=java.lang.String.equals(Ljava/lang/Object;)Z @ 8
Event: 1.313 Thread 0x0000000002803000 Uncommon trap: reason=unstable_if action=reinterpret pc=0x0000000002a6be04 method=java.lang.String.replace(CC)Ljava/lang/String; @ 26
Event: 1.324 Thread 0x0000000002803000 Uncommon trap: reason=class_check action=maybe_recompile pc=0x0000000002a90104 method=sun.misc.URLClassPath.getLoader(I)Lsun/misc/URLClassPath$Loader; @ 94
Event: 1.324 Thread 0x0000000002803000 Uncommon trap: reason=unstable_if action=reinterpret pc=0x0000000002a9f028 method=java.lang.String.indexOf([CII[CIII)I @ 134
Event: 1.652 Thread 0x0000000002803000 Uncommon trap: reason=unstable_if action=reinterpret pc=0x0000000002ac3f38 method=java.lang.String.<init>([CII)V @ 18

Internal exceptions (10 events):
Event: 0.084 Thread 0x0000000002803000 Exception <a 'java/lang/NoSuchMethodError': Method sun.misc.Unsafe.prefetchRead(Ljava/lang/Object;J)V name or signature does not match> (0x00000000d6207fc0) thrown at [C:\re\workspace\8-2-build-windows-amd64-cygwin\jdk8u102\7268\hotspot\src\share\vm\prims\®X£ò¶Ú?
Event: 0.417 Thread 0x0000000002803000 Exception <a 'java/security/PrivilegedActionException'> (0x00000000d63651c0) thrown at [C:\re\workspace\8-2-build-windows-amd64-cygwin\jdk8u102\7268\hotspot\src\share\vm\prims\jvm.cpp, line 1386]
Event: 0.417 Thread 0x0000000002803000 Exception <a 'java/security/PrivilegedActionException'> (0x00000000d63655b8) thrown at [C:\re\workspace\8-2-build-windows-amd64-cygwin\jdk8u102\7268\hotspot\src\share\vm\prims\jvm.cpp, line 1386]
Event: 0.424 Thread 0x0000000002803000 Exception <a 'java/security/PrivilegedActionException'> (0x00000000d6369688) thrown at [C:\re\workspace\8-2-build-windows-amd64-cygwin\jdk8u102\7268\hotspot\src\share\vm\prims\jvm.cpp, line 1386]
Event: 0.424 Thread 0x0000000002803000 Exception <a 'java/security/PrivilegedActionException'> (0x00000000d6369a80) thrown at [C:\re\workspace\8-2-build-windows-amd64-cygwin\jdk8u102\7268\hotspot\src\share\vm\prims\jvm.cpp, line 1386]
Event: 0.440 Thread 0x0000000002803000 Exception <a 'java/security/PrivilegedActionException'> (0x00000000d62131e8) thrown at [C:\re\workspace\8-2-build-windows-amd64-cygwin\jdk8u102\7268\hotspot\src\share\vm\prims\jvm.cpp, line 1386]
Event: 0.440 Thread 0x0000000002803000 Exception <a 'java/security/PrivilegedActionException'> (0x00000000d62135e0) thrown at [C:\re\workspace\8-2-build-windows-amd64-cygwin\jdk8u102\7268\hotspot\src\share\vm\prims\jvm.cpp, line 1386]
Event: 1.146 Thread 0x0000000002803000 Implicit null exception at 0x0000000002a8b51a to 0x0000000002a8b6d5
Event: 2.045 Thread 0x0000000002803000 Exception <a 'java/io/FileNotFoundException'> (0x00000000d64213b8) thrown at [C:\re\workspace\8-2-build-windows-amd64-cygwin\jdk8u102\7268\hotspot\src\share\vm\prims\jni.cpp, line 709]
Event: 2.052 Thread 0x0000000002803000 Exception <a 'java/io/FileNotFoundException'> (0x00000000d6455290) thrown at [C:\re\workspace\8-2-build-windows-amd64-cygwin\jdk8u102\7268\hotspot\src\share\vm\prims\jni.cpp, line 709]

Events (10 events):
Event: 2.168 loading class java/text/Format$Field done
Event: 2.168 loading class java/text/MessageFormat$Field done
Event: 2.190 Executing VM operation: ParallelGCFailedAllocation
Event: 2.206 Executing VM operation: ParallelGCFailedAllocation done
Event: 2.207 loading class com/sun/tools/javac/file/ZipFileIndexArchive$ZipFileIndexFileObject
Event: 2.207 loading class com/sun/tools/javac/file/ZipFileIndexArchive$ZipFileIndexFileObject done
Event: 2.292 loading class com/sun/tools/javac/comp/Attr$15
Event: 2.292 loading class com/sun/tools/javac/comp/Attr$15 done
Event: 2.293 loading class com/sun/source/tree/MemberReferenceTree$ReferenceMode
Event: 2.293 loading class com/sun/source/tree/MemberReferenceTree$ReferenceMode done


Dynamic libraries:
0x00007ff612da0000 - 0x00007ff612da7000 	C:\Program Files\Java\jdk1.8.0_102\bin\javac.exe
0x00007ffc8aa00000 - 0x00007ffc8abe1000 	C:\WINDOWS\SYSTEM32\ntdll.dll
0x00007ffc8a420000 - 0x00007ffc8a4d2000 	C:\WINDOWS\System32\KERNEL32.DLL
0x00007ffc877b0000 - 0x00007ffc87a23000 	C:\WINDOWS\System32\KERNELBASE.dll
0x000000006cb10000 - 0x000000006cb3f000 	C:\Program Files\Java\jdk1.8.0_102\bin\jli.dll
0x000000006ca30000 - 0x000000006cb01000 	C:\Program Files\Java\jdk1.8.0_102\bin\MSVCR100.dll
0x00007ffc8a880000 - 0x00007ffc8a921000 	C:\WINDOWS\System32\ADVAPI32.dll
0x00007ffc8a930000 - 0x00007ffc8a9ce000 	C:\WINDOWS\System32\msvcrt.dll
0x00007ffc899f0000 - 0x00007ffc89a4b000 	C:\WINDOWS\System32\sechost.dll
0x00007ffc89610000 - 0x00007ffc89734000 	C:\WINDOWS\System32\RPCRT4.dll
0x00007ffc87f40000 - 0x00007ffc880d0000 	C:\WINDOWS\System32\USER32.dll
0x00007ffc87ad0000 - 0x00007ffc87af0000 	C:\WINDOWS\System32\win32u.dll
0x00007ffc8a3f0000 - 0x00007ffc8a418000 	C:\WINDOWS\System32\GDI32.dll
0x00007ffc86eb0000 - 0x00007ffc87042000 	C:\WINDOWS\System32\gdi32full.dll
0x00007ffc87a30000 - 0x00007ffc87acf000 	C:\WINDOWS\System32\msvcp_win.dll
0x00007ffc87d90000 - 0x00007ffc87e8a000 	C:\WINDOWS\System32\ucrtbase.dll
0x00007ffc706c0000 - 0x00007ffc70929000 	C:\WINDOWS\WinSxS\amd64_microsoft.windows.common-controls_6595b64144ccf1df_6.0.17134.523_none_fb409dd930672a56\COMCTL32.dll
0x00007ffc8a4e0000 - 0x00007ffc8a802000 	C:\WINDOWS\System32\combase.dll
0x00007ffc86e30000 - 0x00007ffc86eaa000 	C:\WINDOWS\System32\bcryptPrimitives.dll
0x00007ffc89840000 - 0x00007ffc8986d000 	C:\WINDOWS\System32\IMM32.DLL
0x000000006c950000 - 0x000000006ca21000 	C:\Program Files\Java\jdk1.8.0_102\jre\bin\msvcr100.dll
0x000000006c0b0000 - 0x000000006c94a000 	C:\Program Files\Java\jdk1.8.0_102\jre\bin\server\jvm.dll
0x00007ffc89740000 - 0x00007ffc89748000 	C:\WINDOWS\System32\PSAPI.DLL
0x00007ffc64110000 - 0x00007ffc64119000 	C:\WINDOWS\SYSTEM32\WSOCK32.dll
0x00007ffc83500000 - 0x00007ffc83523000 	C:\WINDOWS\SYSTEM32\WINMM.dll
0x00007ffc8a810000 - 0x00007ffc8a87c000 	C:\WINDOWS\System32\WS2_32.dll
0x00007ffc7e050000 - 0x00007ffc7e05a000 	C:\WINDOWS\SYSTEM32\VERSION.dll
0x00007ffc834d0000 - 0x00007ffc834fa000 	C:\WINDOWS\SYSTEM32\winmmbase.dll
0x00007ffc87760000 - 0x00007ffc877a9000 	C:\WINDOWS\System32\cfgmgr32.dll
0x000000006c0a0000 - 0x000000006c0af000 	C:\Program Files\Java\jdk1.8.0_102\jre\bin\verify.dll
0x000000006c070000 - 0x000000006c099000 	C:\Program Files\Java\jdk1.8.0_102\jre\bin\java.dll
0x000000006c050000 - 0x000000006c066000 	C:\Program Files\Java\jdk1.8.0_102\jre\bin\zip.dll
0x00007ffc88130000 - 0x00007ffc89570000 	C:\WINDOWS\System32\SHELL32.dll
0x00007ffc87e90000 - 0x00007ffc87f39000 	C:\WINDOWS\System32\shcore.dll
0x00007ffc87050000 - 0x00007ffc8775d000 	C:\WINDOWS\System32\windows.storage.dll
0x00007ffc89f30000 - 0x00007ffc89f81000 	C:\WINDOWS\System32\shlwapi.dll
0x00007ffc86d90000 - 0x00007ffc86da1000 	C:\WINDOWS\System32\kernel.appcore.dll
0x00007ffc86d20000 - 0x00007ffc86d3f000 	C:\WINDOWS\System32\profapi.dll
0x00007ffc86d40000 - 0x00007ffc86d8c000 	C:\WINDOWS\System32\powrprof.dll
0x00007ffc86d10000 - 0x00007ffc86d1a000 	C:\WINDOWS\System32\FLTLIB.DLL

VM Arguments:
jvm_args: -Dapplication.home=C:\Program Files\Java\jdk1.8.0_102 -Xms8m 
java_command: com.sun.tools.javac.Main chess2.java
java_class_path (initial): C:\Program Files\Java\jdk1.8.0_102/lib/tools.jar;C:\Program Files\Java\jdk1.8.0_102/classes
Launcher Type: SUN_STANDARD

Environment Variables:
PATH=C:\ProgramData\Oracle\Java\javapath;C:\Program Files (x86)\Intel\iCLS Client\;C:\Program Files\Intel\iCLS Client\;C:\WINDOWS\system32;C:\WINDOWS;C:\WINDOWS\System32\Wbem;C:\WINDOWS\System32\WindowsPowerShell\v1.0\;C:\Program Files (x86)\Intel\Intel(R) Management Engine Components\DAL;C:\Program Files\Intel\Intel(R) Management Engine Components\DAL;C:\Program Files (x86)\Intel\Intel(R) Management Engine Components\IPT;C:\Program Files\Intel\Intel(R) Management Engine Components\IPT;C:\Program Files (x86)\Windows Kits\8.1\Windows Performance Toolkit\;C:\OpenCV-3.2.0\opencv\build\x64\vc14\bin;C:\Program Files (x86)\Skype\Phone\;C:\WINDOWS\System32\OpenSSH\;C:\TDM-GCC-64\bin;C:\tdm64-gcc-5.1.0-2.exe;C:\Program Files\Java\jdk1.8.0_102\bin;C:\Users\zacca\AppData\Roaming\Dashlane\6.1907.0.17833\bin\Firefox_Extension\{442718d9-475e-452a-b3e1-fb1ee16b8e9f}\components;C:\Users\zacca\AppData\Roaming\Dashlane\6.1907.0.17833\ucrt;C:\Users\zacca\AppData\Roaming\Dashlane\6.1907.0.17833\bin\Qt;C:\Users\zacca\AppData\Roaming\Dashlane\6.1907.0.17833\bin\Ssl
USERNAME=zacca
OS=Windows_NT
PROCESSOR_IDENTIFIER=Intel64 Family 6 Model 78 Stepping 3, GenuineIntel



---------------  S Y S T E M  ---------------

OS: Windows 10.0 , 64 bit Build 17134 (10.0.17134.1)

CPU:total 4 (2 cores per cpu, 2 threads per core) family 6 model 78 stepping 3, cmov, cx8, fxsr, mmx, sse, sse2, sse3, ssse3, sse4.1, sse4.2, popcnt, avx, avx2, aes, clmul, erms, 3dnowpref, lzcnt, ht, tsc, tscinvbit, bmi1, bmi2, adx

Memory: 4k page, physical 8232348k(500828k free), swap 8232348k(5160k free)

vm_info: Java HotSpot(TM) 64-Bit Server VM (25.102-b14) for windows-amd64 JRE (1.8.0_102-b14), built on Jun 22 2016 13:15:21 by "java_re" with MS VC++ 10.0 (VS2010)

time: Mon Feb 25 22:16:50 2019
elapsed time: 2 seconds (0d 0h 0m 2s)

