#
# There is insufficient memory for the Java Runtime Environment to continue.
# Native memory allocation (malloc) failed to allocate 1048576 bytes for AllocateHeap
# Possible reasons:
#   The system is out of physical RAM or swap space
#   In 32 bit mode, the process size limit was hit
# Possible solutions:
#   Reduce memory load on the system
#   Increase physical memory or swap space
#   Check if swap backing store is full
#   Use 64 bit Java on a 64 bit OS
#   Decrease Java heap size (-Xmx/-Xms)
#   Decrease number of Java threads
#   Decrease Java thread stack sizes (-Xss)
#   Set larger code cache with -XX:ReservedCodeCacheSize=
# This output file may be truncated or incomplete.
#
#  Out of Memory Error (memory/allocation.inline.hpp:61), pid=6336, tid=0x000000000000236c
#
# JRE version:  (8.0_102-b14) (build )
# Java VM: Java HotSpot(TM) 64-Bit Server VM (25.102-b14 mixed mode windows-amd64 compressed oops)
# Failed to write core dump. Minidumps are not enabled by default on client versions of Windows
#

---------------  T H R E A D  ---------------

Current thread (0x00000000028d3000):  JavaThread "Unknown thread" [_thread_in_vm, id=9068, stack(0x00000000026e0000,0x00000000027e0000)]

Stack: [0x00000000026e0000,0x00000000027e0000]
[error occurred during error reporting (printing stack bounds), id 0xc0000005]

Native frames: (J=compiled Java code, j=interpreted, Vv=VM code, C=native code)


---------------  P R O C E S S  ---------------

Java Threads: ( => current thread )

Other Threads:

=>0x00000000028d3000 (exited) JavaThread "Unknown thread" [_thread_in_vm, id=9068, stack(0x00000000026e0000,0x00000000027e0000)]

VM state:not at safepoint (normal execution)

VM Mutex/Monitor currently owned by a thread: None

Heap:
 PSYoungGen      total 2048K, used 30K [0x00000000d6200000, 0x00000000d6480000, 0x0000000100000000)
  eden space 1536K, 2% used [0x00000000d6200000,0x00000000d6207af0,0x00000000d6380000)
  from space 512K, 0% used [0x00000000d6400000,0x00000000d6400000,0x00000000d6480000)
  to   space 512K, 0% used [0x00000000d6380000,0x00000000d6380000,0x00000000d6400000)
 ParOldGen       total 5632K, used 0K [0x0000000082600000, 0x0000000082b80000, 0x00000000d6200000)
  object space 5632K, 0% used [0x0000000082600000,0x0000000082600000,0x0000000082b80000)
 Metaspace       used 770K, capacity 4480K, committed 4480K, reserved 1056768K
  class space    used 75K, capacity 384K, committed 384K, reserved 1048576K

Card table byte_map: [0x0000000011d90000,0x0000000012180000] byte_map_base: 0x000000001197d000

Marking Bits: (ParMarkBitMap*) 0x00000000625ba6c0
 Begin Bits: [0x0000000012820000, 0x0000000014788000)
 End Bits:   [0x0000000014788000, 0x00000000166f0000)

Polling page: 0x00000000026a0000

CodeCache: size=245760Kb used=328Kb max_used=328Kb free=245431Kb
 bounds [0x00000000029d0000, 0x0000000002c40000, 0x00000000119d0000]
 total_blobs=58 nmethods=0 adapters=38
 compilation: enabled

Compilation events (0 events):
No events

GC Heap History (0 events):
No events

Deoptimization events (0 events):
No events

Internal exceptions (0 events):
No events

Events (10 events):
Event: 0.055 loading class java/lang/Short
Event: 0.055 loading class java/lang/Short done
Event: 0.055 loading class java/lang/Integer
Event: 0.055 loading class java/lang/Integer done
Event: 0.055 loading class java/lang/Long
Event: 0.055 loading class java/lang/Long done
Event: 0.057 loading class java/lang/NullPointerException
Event: 0.057 loading class java/lang/NullPointerException done
Event: 0.057 loading class java/lang/ArithmeticException
Event: 0.057 loading class java/lang/ArithmeticException done


Dynamic libraries:
0x00007ff77af50000 - 0x00007ff77af57000 	C:\Program Files\Java\jdk1.8.0_102\bin\javac.exe
0x00007ff84d510000 - 0x00007ff84d6f1000 	C:\WINDOWS\SYSTEM32\ntdll.dll
0x00007ff84b150000 - 0x00007ff84b202000 	C:\WINDOWS\System32\KERNEL32.DLL
0x00007ff84a460000 - 0x00007ff84a6d3000 	C:\WINDOWS\System32\KERNELBASE.dll
0x0000000062720000 - 0x000000006274f000 	C:\Program Files\Java\jdk1.8.0_102\bin\jli.dll
0x0000000062750000 - 0x0000000062821000 	C:\Program Files\Java\jdk1.8.0_102\bin\MSVCR100.dll
0x00007ff84b630000 - 0x00007ff84b6d1000 	C:\WINDOWS\System32\ADVAPI32.dll
0x00007ff84d440000 - 0x00007ff84d4de000 	C:\WINDOWS\System32\msvcrt.dll
0x00007ff84ae80000 - 0x00007ff84aedb000 	C:\WINDOWS\System32\sechost.dll
0x00007ff84b210000 - 0x00007ff84b334000 	C:\WINDOWS\System32\RPCRT4.dll
0x00007ff84a9a0000 - 0x00007ff84ab30000 	C:\WINDOWS\System32\USER32.dll
0x00007ff84a790000 - 0x00007ff84a7b0000 	C:\WINDOWS\System32\win32u.dll
0x00007ff835690000 - 0x00007ff8358f9000 	C:\WINDOWS\WinSxS\amd64_microsoft.windows.common-controls_6595b64144ccf1df_6.0.17134.523_none_fb409dd930672a56\COMCTL32.dll
0x00007ff84acd0000 - 0x00007ff84acf8000 	C:\WINDOWS\System32\GDI32.dll
0x00007ff84d0b0000 - 0x00007ff84d3d2000 	C:\WINDOWS\System32\combase.dll
0x00007ff849a90000 - 0x00007ff849c22000 	C:\WINDOWS\System32\gdi32full.dll
0x00007ff8498e0000 - 0x00007ff8499da000 	C:\WINDOWS\System32\ucrtbase.dll
0x00007ff849c30000 - 0x00007ff849ccf000 	C:\WINDOWS\System32\msvcp_win.dll
0x00007ff849cd0000 - 0x00007ff849d4a000 	C:\WINDOWS\System32\bcryptPrimitives.dll
0x00007ff84b600000 - 0x00007ff84b62d000 	C:\WINDOWS\System32\IMM32.DLL
0x0000000062640000 - 0x0000000062711000 	C:\Program Files\Java\jdk1.8.0_102\jre\bin\msvcr100.dll
0x0000000061da0000 - 0x000000006263a000 	C:\Program Files\Java\jdk1.8.0_102\jre\bin\server\jvm.dll
0x00007ff84af40000 - 0x00007ff84af48000 	C:\WINDOWS\System32\PSAPI.DLL
0x00007ff835900000 - 0x00007ff835909000 	C:\WINDOWS\SYSTEM32\WSOCK32.dll
0x00007ff845fe0000 - 0x00007ff846003000 	C:\WINDOWS\SYSTEM32\WINMM.dll
0x00007ff84cbd0000 - 0x00007ff84cc3c000 	C:\WINDOWS\System32\WS2_32.dll
0x00007ff8446a0000 - 0x00007ff8446aa000 	C:\WINDOWS\SYSTEM32\VERSION.dll
0x00007ff845fb0000 - 0x00007ff845fda000 	C:\WINDOWS\SYSTEM32\WINMMBASE.dll
0x00007ff84a740000 - 0x00007ff84a789000 	C:\WINDOWS\System32\cfgmgr32.dll
0x0000000061d90000 - 0x0000000061d9f000 	C:\Program Files\Java\jdk1.8.0_102\jre\bin\verify.dll
0x0000000061d60000 - 0x0000000061d89000 	C:\Program Files\Java\jdk1.8.0_102\jre\bin\java.dll
0x0000000061d40000 - 0x0000000061d56000 	C:\Program Files\Java\jdk1.8.0_102\jre\bin\zip.dll

VM Arguments:
jvm_args: -Dapplication.home=C:\Program Files\Java\jdk1.8.0_102 -Xms8m 
java_command: com.sun.tools.javac.Main chess2.java
java_class_path (initial): C:\Program Files\Java\jdk1.8.0_102/lib/tools.jar;C:\Program Files\Java\jdk1.8.0_102/classes
Launcher Type: SUN_STANDARD

Environment Variables:
PATH=C:\ProgramData\Oracle\Java\javapath;C:\Program Files (x86)\Intel\iCLS Client\;C:\Program Files\Intel\iCLS Client\;C:\WINDOWS\system32;C:\WINDOWS;C:\WINDOWS\System32\Wbem;C:\WINDOWS\System32\WindowsPowerShell\v1.0\;C:\Program Files (x86)\Intel\Intel(R) Management Engine Components\DAL;C:\Program Files\Intel\Intel(R) Management Engine Components\DAL;C:\Program Files (x86)\Intel\Intel(R) Management Engine Components\IPT;C:\Program Files\Intel\Intel(R) Management Engine Components\IPT;C:\Program Files (x86)\Windows Kits\8.1\Windows Performance Toolkit\;C:\OpenCV-3.2.0\opencv\build\x64\vc14\bin;C:\Program Files (x86)\Skype\Phone\;C:\WINDOWS\System32\OpenSSH\;C:\TDM-GCC-64\bin;C:\tdm64-gcc-5.1.0-2.exe;C:\Program Files\Java\jdk1.8.0_102\bin;C:\Users\zacca\AppData\Roaming\Dashlane\6.1907.0.17833\bin\Firefox_Extension\{442718d9-475e-452a-b3e1-fb1ee16b8e9f}\components;C:\Users\zacca\AppData\Roaming\Dashlane\6.1907.0.17833\ucrt;C:\Users\zacca\AppData\Roaming\Dashlane\6.1907.0.17833\bin\Qt;C:\Users\zacca\AppData\Roaming\Dashlane\6.1907.0.17833\bin\Ssl
USERNAME=zacca
OS=Windows_NT
PROCESSOR_IDENTIFIER=Intel64 Family 6 Model 78 Stepping 3, GenuineIntel



---------------  S Y S T E M  ---------------

OS: Windows 10.0 , 64 bit Build 17134 (10.0.17134.1)

CPU:total 4 (2 cores per cpu, 2 threads per core) family 6 model 78 stepping 3, cmov, cx8, fxsr, mmx, sse, sse2, sse3, ssse3, sse4.1, sse4.2, popcnt, avx, avx2, aes, clmul, erms, 3dnowpref, lzcnt, ht, tsc, tscinvbit, bmi1, bmi2, adx

Memory: 4k page, physical 8232348k(516548k free), swap 8232348k(5556k free)

vm_info: Java HotSpot(TM) 64-Bit Server VM (25.102-b14) for windows-amd64 JRE (1.8.0_102-b14), built on Jun 22 2016 13:15:21 by "java_re" with MS VC++ 10.0 (VS2010)

time: Tue Mar 05 00:21:22 2019
elapsed time: 0 seconds (0d 0h 0m 0s)

